==35353== Memcheck, a memory error detector
==35353== Copyright (C) 2002-2017, and GNU GPL'd, by Julian Seward et al.
==35353== Using Valgrind-3.17.0.GIT-lbmacos and LibVEX; rerun with -h for copyright info
==35353== Command: ./philo 5 800 200 200 5
==35353== Parent PID: 35352
==35353== 
--35353-- run: /usr/bin/dsymutil "./philo"
==35353== 
==35353== HEAP SUMMARY:
==35353==     in use at exit: 23,406 bytes in 169 blocks
==35353==   total heap usage: 192 allocs, 23 frees, 32,774 bytes allocated
==35353== 
==35353== 24 bytes in 1 blocks are possibly lost in loss record 8 of 48
==35353==    at 0x1000D91B1: malloc_zone_calloc (in /Users/dmilan/.brew/Cellar/valgrind/HEAD-adaae87/lib/valgrind/vgpreload_memcheck-amd64-darwin.so)
==35353==    by 0x1005E6DE3: freeBuckets(NXHashTable*, int) (in /usr/lib/libobjc.A.dylib)
==35353==    by 0x1005E6AFE: NXHashInsert (in /usr/lib/libobjc.A.dylib)
==35353==    by 0x1005E69BF: hashPrototype(void const*, void const*) (in /usr/lib/libobjc.A.dylib)
==35353==    by 0x1005E5AB4: _read_images (in /usr/lib/libobjc.A.dylib)
==35353==    by 0x1005E4A4F: _hasObjcContents (in /usr/lib/libobjc.A.dylib)
==35353==    by 0x1005F755F: __objc_personality_v0 (in /usr/lib/libobjc.A.dylib)
==35353==    by 0x10000A47A: dyld::notifyBatchPartial(dyld_image_states, bool, char const* (*)(dyld_image_states, unsigned int, dyld_image_info const*), bool, bool) (in /usr/lib/dyld)
==35353==    by 0x10000A62D: dyld::registerObjCNotifiers(void (*)(unsigned int, char const* const*, mach_header const* const*), void (*)(char const*, mach_header const*), void (*)(char const*, mach_header const*)) (in /usr/lib/dyld)
==35353==    by 0x10023EA26: _dyld_objc_notify_register (in /usr/lib/system/libdyld.dylib)
==35353==    by 0x1005E4233: environ_init (in /usr/lib/libobjc.A.dylib)
==35353==    by 0x1001D5E35: _os_object_init (in /usr/lib/system/libdispatch.dylib)
==35353== 
==35353== 48 bytes in 2 blocks are possibly lost in loss record 20 of 48
==35353==    at 0x1000D8FF0: calloc (in /Users/dmilan/.brew/Cellar/valgrind/HEAD-adaae87/lib/valgrind/vgpreload_memcheck-amd64-darwin.so)
==35353==    by 0x1005E4742: map_images_nolock (in /usr/lib/libobjc.A.dylib)
==35353==    by 0x1005F755F: __objc_personality_v0 (in /usr/lib/libobjc.A.dylib)
==35353==    by 0x10000A47A: dyld::notifyBatchPartial(dyld_image_states, bool, char const* (*)(dyld_image_states, unsigned int, dyld_image_info const*), bool, bool) (in /usr/lib/dyld)
==35353==    by 0x10000A62D: dyld::registerObjCNotifiers(void (*)(unsigned int, char const* const*, mach_header const* const*), void (*)(char const*, mach_header const*), void (*)(char const*, mach_header const*)) (in /usr/lib/dyld)
==35353==    by 0x10023EA26: _dyld_objc_notify_register (in /usr/lib/system/libdyld.dylib)
==35353==    by 0x1005E4233: environ_init (in /usr/lib/libobjc.A.dylib)
==35353==    by 0x1001D5E35: _os_object_init (in /usr/lib/system/libdispatch.dylib)
==35353==    by 0x1001E1AD1: libdispatch_init (in /usr/lib/system/libdispatch.dylib)
==35353==    by 0x1000E49C4: libSystem_initializer (in /usr/lib/libSystem.B.dylib)
==35353==    by 0x10001D591: ImageLoaderMachO::doModInitFunctions(ImageLoader::LinkContext const&) (in /usr/lib/dyld)
==35353==    by 0x10001D797: ImageLoaderMachO::doInitialization(ImageLoader::LinkContext const&) (in /usr/lib/dyld)
==35353== 
==35353== 64 bytes in 1 blocks are definitely lost in loss record 28 of 48
==35353==    at 0x1000D8FF0: calloc (in /Users/dmilan/.brew/Cellar/valgrind/HEAD-adaae87/lib/valgrind/vgpreload_memcheck-amd64-darwin.so)
==35353==    by 0x1005FB98C: _objc_flush_caches (in /usr/lib/libobjc.A.dylib)
==35353==    by 0x1005FBA6B: _objc_flush_caches (in /usr/lib/libobjc.A.dylib)
==35353==    by 0x1005E6266: _read_images (in /usr/lib/libobjc.A.dylib)
==35353==    by 0x1005E4A4F: _hasObjcContents (in /usr/lib/libobjc.A.dylib)
==35353==    by 0x1005F755F: __objc_personality_v0 (in /usr/lib/libobjc.A.dylib)
==35353==    by 0x10000A47A: dyld::notifyBatchPartial(dyld_image_states, bool, char const* (*)(dyld_image_states, unsigned int, dyld_image_info const*), bool, bool) (in /usr/lib/dyld)
==35353==    by 0x10000A62D: dyld::registerObjCNotifiers(void (*)(unsigned int, char const* const*, mach_header const* const*), void (*)(char const*, mach_header const*), void (*)(char const*, mach_header const*)) (in /usr/lib/dyld)
==35353==    by 0x10023EA26: _dyld_objc_notify_register (in /usr/lib/system/libdyld.dylib)
==35353==    by 0x1005E4233: environ_init (in /usr/lib/libobjc.A.dylib)
==35353==    by 0x1001D5E35: _os_object_init (in /usr/lib/system/libdispatch.dylib)
==35353==    by 0x1001E1AD1: libdispatch_init (in /usr/lib/system/libdispatch.dylib)
==35353== 
==35353== 64 bytes in 1 blocks are definitely lost in loss record 29 of 48
==35353==    at 0x1000D8FF0: calloc (in /Users/dmilan/.brew/Cellar/valgrind/HEAD-adaae87/lib/valgrind/vgpreload_memcheck-amd64-darwin.so)
==35353==    by 0x1005FB98C: _objc_flush_caches (in /usr/lib/libobjc.A.dylib)
==35353==    by 0x1005FBA8C: _objc_flush_caches (in /usr/lib/libobjc.A.dylib)
==35353==    by 0x1005FBA6B: _objc_flush_caches (in /usr/lib/libobjc.A.dylib)
==35353==    by 0x1005E6266: _read_images (in /usr/lib/libobjc.A.dylib)
==35353==    by 0x1005E4A4F: _hasObjcContents (in /usr/lib/libobjc.A.dylib)
==35353==    by 0x1005F755F: __objc_personality_v0 (in /usr/lib/libobjc.A.dylib)
==35353==    by 0x10000A47A: dyld::notifyBatchPartial(dyld_image_states, bool, char const* (*)(dyld_image_states, unsigned int, dyld_image_info const*), bool, bool) (in /usr/lib/dyld)
==35353==    by 0x10000A62D: dyld::registerObjCNotifiers(void (*)(unsigned int, char const* const*, mach_header const* const*), void (*)(char const*, mach_header const*), void (*)(char const*, mach_header const*)) (in /usr/lib/dyld)
==35353==    by 0x10023EA26: _dyld_objc_notify_register (in /usr/lib/system/libdyld.dylib)
==35353==    by 0x1005E4233: environ_init (in /usr/lib/libobjc.A.dylib)
==35353==    by 0x1001D5E35: _os_object_init (in /usr/lib/system/libdispatch.dylib)
==35353== 
==35353== 120 bytes in 1 blocks are definitely lost in loss record 30 of 48
==35353==    at 0x1000D8FF0: calloc (in /Users/dmilan/.brew/Cellar/valgrind/HEAD-adaae87/lib/valgrind/vgpreload_memcheck-amd64-darwin.so)
==35353==    by 0x1005E94EB: objc_msgLookup (in /usr/lib/libobjc.A.dylib)
==35353==    by 0x1001D5EF3: _os_object_alloc_realized (in /usr/lib/system/libdispatch.dylib)
==35353==    by 0x1001DB2F6: _dispatch_lane_create_with_target (in /usr/lib/system/libdispatch.dylib)
==35353==    by 0x10055FC73: _libtrace_init (in /usr/lib/system/libsystem_trace.dylib)
==35353==    by 0x1000E49CE: libSystem_initializer (in /usr/lib/libSystem.B.dylib)
==35353==    by 0x10001D591: ImageLoaderMachO::doModInitFunctions(ImageLoader::LinkContext const&) (in /usr/lib/dyld)
==35353==    by 0x10001D797: ImageLoaderMachO::doInitialization(ImageLoader::LinkContext const&) (in /usr/lib/dyld)
==35353==    by 0x100018BE9: ImageLoader::recursiveInitialization(ImageLoader::LinkContext const&, unsigned int, char const*, ImageLoader::InitializerTimingList&, ImageLoader::UninitedUpwards&) (in /usr/lib/dyld)
==35353==    by 0x100018B7F: ImageLoader::recursiveInitialization(ImageLoader::LinkContext const&, unsigned int, char const*, ImageLoader::InitializerTimingList&, ImageLoader::UninitedUpwards&) (in /usr/lib/dyld)
==35353==    by 0x100017D72: ImageLoader::processInitializers(ImageLoader::LinkContext const&, unsigned int, ImageLoader::InitializerTimingList&, ImageLoader::UninitedUpwards&) (in /usr/lib/dyld)
==35353==    by 0x100017E04: ImageLoader::runInitializers(ImageLoader::LinkContext const&, ImageLoader::InitializerTimingList&) (in /usr/lib/dyld)
==35353== 
==35353== 462 (192 direct, 270 indirect) bytes in 1 blocks are definitely lost in loss record 37 of 48
==35353==    at 0x1000D8FF0: calloc (in /Users/dmilan/.brew/Cellar/valgrind/HEAD-adaae87/lib/valgrind/vgpreload_memcheck-amd64-darwin.so)
==35353==    by 0x1005E94EB: objc_msgLookup (in /usr/lib/libobjc.A.dylib)
==35353==    by 0x1001D5EF3: _os_object_alloc_realized (in /usr/lib/system/libdispatch.dylib)
==35353==    by 0x100592692: xpc_dictionary_create (in /usr/lib/system/libxpc.dylib)
==35353==    by 0x100592C80: _xpc_dyld_image_callback (in /usr/lib/system/libxpc.dylib)
==35353==    by 0x100009873: dyld::registerLoadCallback(void (*)(mach_header const*, char const*, bool)) (in /usr/lib/dyld)
==35353==    by 0x100592BA1: _xpc_collect_images (in /usr/lib/system/libxpc.dylib)
==35353==    by 0x100592002: _libxpc_initializer (in /usr/lib/system/libxpc.dylib)
==35353==    by 0x1000E49C9: libSystem_initializer (in /usr/lib/libSystem.B.dylib)
==35353==    by 0x10001D591: ImageLoaderMachO::doModInitFunctions(ImageLoader::LinkContext const&) (in /usr/lib/dyld)
==35353==    by 0x10001D797: ImageLoaderMachO::doInitialization(ImageLoader::LinkContext const&) (in /usr/lib/dyld)
==35353==    by 0x100018BE9: ImageLoader::recursiveInitialization(ImageLoader::LinkContext const&, unsigned int, char const*, ImageLoader::InitializerTimingList&, ImageLoader::UninitedUpwards&) (in /usr/lib/dyld)
==35353== 
==35353== 528 bytes in 1 blocks are possibly lost in loss record 38 of 48
==35353==    at 0x1000D8C0A: malloc_zone_malloc (in /Users/dmilan/.brew/Cellar/valgrind/HEAD-adaae87/lib/valgrind/vgpreload_memcheck-amd64-darwin.so)
==35353==    by 0x1005E6968: NXHashGet (in /usr/lib/libobjc.A.dylib)
==35353==    by 0x1005E6846: NXCreateHashTableFromZone (in /usr/lib/libobjc.A.dylib)
==35353==    by 0x1005E8417: NXMapRemove (in /usr/lib/libobjc.A.dylib)
==35353==    by 0x1005FC067: _unload_image (in /usr/lib/libobjc.A.dylib)
==35353==    by 0x1005FBA8C: _objc_flush_caches (in /usr/lib/libobjc.A.dylib)
==35353==    by 0x1005FBA6B: _objc_flush_caches (in /usr/lib/libobjc.A.dylib)
==35353==    by 0x1005FBA6B: _objc_flush_caches (in /usr/lib/libobjc.A.dylib)
==35353==    by 0x1005FBA6B: _objc_flush_caches (in /usr/lib/libobjc.A.dylib)
==35353==    by 0x1005E6266: _read_images (in /usr/lib/libobjc.A.dylib)
==35353==    by 0x1005E4A4F: _hasObjcContents (in /usr/lib/libobjc.A.dylib)
==35353==    by 0x1005F755F: __objc_personality_v0 (in /usr/lib/libobjc.A.dylib)
==35353== 
==35353== 1,250 (192 direct, 1,058 indirect) bytes in 1 blocks are definitely lost in loss record 40 of 48
==35353==    at 0x1000D8FF0: calloc (in /Users/dmilan/.brew/Cellar/valgrind/HEAD-adaae87/lib/valgrind/vgpreload_memcheck-amd64-darwin.so)
==35353==    by 0x1005E94EB: objc_msgLookup (in /usr/lib/libobjc.A.dylib)
==35353==    by 0x1001D5EF3: _os_object_alloc_realized (in /usr/lib/system/libdispatch.dylib)
==35353==    by 0x100592692: xpc_dictionary_create (in /usr/lib/system/libxpc.dylib)
==35353==    by 0x10059254D: _xpc_collect_environment (in /usr/lib/system/libxpc.dylib)
==35353==    by 0x100591FFD: _libxpc_initializer (in /usr/lib/system/libxpc.dylib)
==35353==    by 0x1000E49C9: libSystem_initializer (in /usr/lib/libSystem.B.dylib)
==35353==    by 0x10001D591: ImageLoaderMachO::doModInitFunctions(ImageLoader::LinkContext const&) (in /usr/lib/dyld)
==35353==    by 0x10001D797: ImageLoaderMachO::doInitialization(ImageLoader::LinkContext const&) (in /usr/lib/dyld)
==35353==    by 0x100018BE9: ImageLoader::recursiveInitialization(ImageLoader::LinkContext const&, unsigned int, char const*, ImageLoader::InitializerTimingList&, ImageLoader::UninitedUpwards&) (in /usr/lib/dyld)
==35353==    by 0x100018B7F: ImageLoader::recursiveInitialization(ImageLoader::LinkContext const&, unsigned int, char const*, ImageLoader::InitializerTimingList&, ImageLoader::UninitedUpwards&) (in /usr/lib/dyld)
==35353==    by 0x100017D72: ImageLoader::processInitializers(ImageLoader::LinkContext const&, unsigned int, ImageLoader::InitializerTimingList&, ImageLoader::UninitedUpwards&) (in /usr/lib/dyld)
==35353== 
==35353== 1,792 bytes in 28 blocks are definitely lost in loss record 43 of 48
==35353==    at 0x1000D8FF0: calloc (in /Users/dmilan/.brew/Cellar/valgrind/HEAD-adaae87/lib/valgrind/vgpreload_memcheck-amd64-darwin.so)
==35353==    by 0x1005FB98C: _objc_flush_caches (in /usr/lib/libobjc.A.dylib)
==35353==    by 0x1005E6266: _read_images (in /usr/lib/libobjc.A.dylib)
==35353==    by 0x1005E4A4F: _hasObjcContents (in /usr/lib/libobjc.A.dylib)
==35353==    by 0x1005F755F: __objc_personality_v0 (in /usr/lib/libobjc.A.dylib)
==35353==    by 0x10000A47A: dyld::notifyBatchPartial(dyld_image_states, bool, char const* (*)(dyld_image_states, unsigned int, dyld_image_info const*), bool, bool) (in /usr/lib/dyld)
==35353==    by 0x10000A62D: dyld::registerObjCNotifiers(void (*)(unsigned int, char const* const*, mach_header const* const*), void (*)(char const*, mach_header const*), void (*)(char const*, mach_header const*)) (in /usr/lib/dyld)
==35353==    by 0x10023EA26: _dyld_objc_notify_register (in /usr/lib/system/libdyld.dylib)
==35353==    by 0x1005E4233: environ_init (in /usr/lib/libobjc.A.dylib)
==35353==    by 0x1001D5E35: _os_object_init (in /usr/lib/system/libdispatch.dylib)
==35353==    by 0x1001E1AD1: libdispatch_init (in /usr/lib/system/libdispatch.dylib)
==35353==    by 0x1000E49C4: libSystem_initializer (in /usr/lib/libSystem.B.dylib)
==35353== 
==35353== 1,792 bytes in 28 blocks are definitely lost in loss record 44 of 48
==35353==    at 0x1000D8FF0: calloc (in /Users/dmilan/.brew/Cellar/valgrind/HEAD-adaae87/lib/valgrind/vgpreload_memcheck-amd64-darwin.so)
==35353==    by 0x1005FB98C: _objc_flush_caches (in /usr/lib/libobjc.A.dylib)
==35353==    by 0x1005FBA8C: _objc_flush_caches (in /usr/lib/libobjc.A.dylib)
==35353==    by 0x1005E6266: _read_images (in /usr/lib/libobjc.A.dylib)
==35353==    by 0x1005E4A4F: _hasObjcContents (in /usr/lib/libobjc.A.dylib)
==35353==    by 0x1005F755F: __objc_personality_v0 (in /usr/lib/libobjc.A.dylib)
==35353==    by 0x10000A47A: dyld::notifyBatchPartial(dyld_image_states, bool, char const* (*)(dyld_image_states, unsigned int, dyld_image_info const*), bool, bool) (in /usr/lib/dyld)
==35353==    by 0x10000A62D: dyld::registerObjCNotifiers(void (*)(unsigned int, char const* const*, mach_header const* const*), void (*)(char const*, mach_header const*), void (*)(char const*, mach_header const*)) (in /usr/lib/dyld)
==35353==    by 0x10023EA26: _dyld_objc_notify_register (in /usr/lib/system/libdyld.dylib)
==35353==    by 0x1005E4233: environ_init (in /usr/lib/libobjc.A.dylib)
==35353==    by 0x1001D5E35: _os_object_init (in /usr/lib/system/libdispatch.dylib)
==35353==    by 0x1001E1AD1: libdispatch_init (in /usr/lib/system/libdispatch.dylib)
==35353== 
==35353== 2,064 bytes in 1 blocks are possibly lost in loss record 45 of 48
==35353==    at 0x1000D8C0A: malloc_zone_malloc (in /Users/dmilan/.brew/Cellar/valgrind/HEAD-adaae87/lib/valgrind/vgpreload_memcheck-amd64-darwin.so)
==35353==    by 0x1005E6968: NXHashGet (in /usr/lib/libobjc.A.dylib)
==35353==    by 0x1005E6846: NXCreateHashTableFromZone (in /usr/lib/libobjc.A.dylib)
==35353==    by 0x1005E5A91: _read_images (in /usr/lib/libobjc.A.dylib)
==35353==    by 0x1005E4A4F: _hasObjcContents (in /usr/lib/libobjc.A.dylib)
==35353==    by 0x1005F755F: __objc_personality_v0 (in /usr/lib/libobjc.A.dylib)
==35353==    by 0x10000A47A: dyld::notifyBatchPartial(dyld_image_states, bool, char const* (*)(dyld_image_states, unsigned int, dyld_image_info const*), bool, bool) (in /usr/lib/dyld)
==35353==    by 0x10000A62D: dyld::registerObjCNotifiers(void (*)(unsigned int, char const* const*, mach_header const* const*), void (*)(char const*, mach_header const*), void (*)(char const*, mach_header const*)) (in /usr/lib/dyld)
==35353==    by 0x10023EA26: _dyld_objc_notify_register (in /usr/lib/system/libdyld.dylib)
==35353==    by 0x1005E4233: environ_init (in /usr/lib/libobjc.A.dylib)
==35353==    by 0x1001D5E35: _os_object_init (in /usr/lib/system/libdispatch.dylib)
==35353==    by 0x1001E1AD1: libdispatch_init (in /usr/lib/system/libdispatch.dylib)
==35353== 
==35353== 2,064 bytes in 1 blocks are possibly lost in loss record 46 of 48
==35353==    at 0x1000D8C0A: malloc_zone_malloc (in /Users/dmilan/.brew/Cellar/valgrind/HEAD-adaae87/lib/valgrind/vgpreload_memcheck-amd64-darwin.so)
==35353==    by 0x1005E7845: objc_class::setHasCustomRR(bool) (in /usr/lib/libobjc.A.dylib)
==35353==    by 0x1005E770F: addSubclass(objc_class*, objc_class*) (in /usr/lib/libobjc.A.dylib)
==35353==    by 0x1005E6021: _read_images (in /usr/lib/libobjc.A.dylib)
==35353==    by 0x1005E4A4F: _hasObjcContents (in /usr/lib/libobjc.A.dylib)
==35353==    by 0x1005F755F: __objc_personality_v0 (in /usr/lib/libobjc.A.dylib)
==35353==    by 0x10000A47A: dyld::notifyBatchPartial(dyld_image_states, bool, char const* (*)(dyld_image_states, unsigned int, dyld_image_info const*), bool, bool) (in /usr/lib/dyld)
==35353==    by 0x10000A62D: dyld::registerObjCNotifiers(void (*)(unsigned int, char const* const*, mach_header const* const*), void (*)(char const*, mach_header const*), void (*)(char const*, mach_header const*)) (in /usr/lib/dyld)
==35353==    by 0x10023EA26: _dyld_objc_notify_register (in /usr/lib/system/libdyld.dylib)
==35353==    by 0x1005E4233: environ_init (in /usr/lib/libobjc.A.dylib)
==35353==    by 0x1001D5E35: _os_object_init (in /usr/lib/system/libdispatch.dylib)
==35353==    by 0x1001E1AD1: libdispatch_init (in /usr/lib/system/libdispatch.dylib)
==35353== 
==35353== 4,112 bytes in 1 blocks are possibly lost in loss record 48 of 48
==35353==    at 0x1000D8C0A: malloc_zone_malloc (in /Users/dmilan/.brew/Cellar/valgrind/HEAD-adaae87/lib/valgrind/vgpreload_memcheck-amd64-darwin.so)
==35353==    by 0x1005E7845: objc_class::setHasCustomRR(bool) (in /usr/lib/libobjc.A.dylib)
==35353==    by 0x1005E770F: addSubclass(objc_class*, objc_class*) (in /usr/lib/libobjc.A.dylib)
==35353==    by 0x1006026A8: std::__1::__hash_table<std::__1::__hash_value_type<unsigned long, objc_references_support::ObjectAssociationMap*>, std::__1::__unordered_map_hasher<unsigned long, std::__1::__hash_value_type<unsigned long, objc_references_support::ObjectAssociationMap*>, objc_references_support::DisguisedPointerHash, true>, std::__1::__unordered_map_equal<unsigned long, std::__1::__hash_value_type<unsigned long, objc_references_support::ObjectAssociationMap*>, objc_references_support::DisguisedPointerEqual, true>, objc_references_support::ObjcAllocator<std::__1::__hash_value_type<unsigned long, objc_references_support::ObjectAssociationMap*> > >::__rehash(unsigned long) (in /usr/lib/libobjc.A.dylib)
==35353==    by 0x1005F2E29: updateCustomRR_AWZ(objc_class*, method_t*) (in /usr/lib/libobjc.A.dylib)
==35353==    by 0x1005E7EC4: addMethod(objc_class*, objc_selector*, void (*)(), char const*, bool) (in /usr/lib/libobjc.A.dylib)
==35353==    by 0x1005FBFDE: realizeAllClasses() (in /usr/lib/libobjc.A.dylib)
==35353==    by 0x1005FBA8C: _objc_flush_caches (in /usr/lib/libobjc.A.dylib)
==35353==    by 0x1005FBA6B: _objc_flush_caches (in /usr/lib/libobjc.A.dylib)
==35353==    by 0x1005FBA6B: _objc_flush_caches (in /usr/lib/libobjc.A.dylib)
==35353==    by 0x1005FBA6B: _objc_flush_caches (in /usr/lib/libobjc.A.dylib)
==35353==    by 0x1005E6266: _read_images (in /usr/lib/libobjc.A.dylib)
==35353== 
==35353== LEAK SUMMARY:
==35353==    definitely lost: 4,216 bytes in 61 blocks
==35353==    indirectly lost: 1,328 bytes in 23 blocks
==35353==      possibly lost: 8,840 bytes in 7 blocks
==35353==    still reachable: 9,022 bytes in 78 blocks
==35353==         suppressed: 0 bytes in 0 blocks
==35353== Reachable blocks (those to which a pointer was found) are not shown.
==35353== To see them, rerun with: --leak-check=full --show-leak-kinds=all
==35353== 
==35353== For lists of detected and suppressed errors, rerun with: -s
==35353== ERROR SUMMARY: 13 errors from 13 contexts (suppressed: 398 from 10)
